<?xml version="1.0" encoding="UTF-8"?>
<!-- Generated by org.testng.reporters.JUnitReportReporter -->
<testsuite hostname="Pese" failures="0" tests="1" name="test_e2e.TestE2E" time="3.007" errors="0" timestamp="2025-05-06T12:28:12 ART" skipped="0">
  <testcase classname="test_e2e.TestE2E" name="purchase" time="3.007"/>
  <system-out/>
</testsuite> <!-- test_e2e.TestE2E -->
